<?xml version="1.0" encoding="UTF-8"?>
<!-- Generated by org.testng.reporters.JUnitReportReporter -->
<testsuite hostname="suriya" failures="0" tests="1" name="TestCase.Test002" time="1.633" errors="0" timestamp="2023-12-31T12:59:20 IST" skipped="0">
  <testcase classname="TestCase.Test002" name="testCase" time="1.633"/>
  <system-out/>
</testsuite> <!-- TestCase.Test002 -->
