<?xml version="1.0" encoding="UTF-8"?>
<!-- Generated by org.testng.reporters.JUnitReportReporter -->
<testsuite hostname="suriya" failures="0" tests="1" name="TestCase.Test001" time="2.654" errors="0" timestamp="2023-12-29T14:49:11 IST" skipped="0">
  <testcase classname="TestCase.Test001" name="testCase" time="2.654"/>
  <system-out>
    <![CDATA[TestCase Executed]]>
  </system-out>
</testsuite> <!-- TestCase.Test001 -->
