<?xml version="1.0" encoding="UTF-8"?>
<!-- Generated by org.testng.reporters.JUnitReportReporter -->
<testsuite hostname="suriya" failures="0" tests="3" name="TestCase.TC003_Test" time="7.361" errors="0" timestamp="2023-12-31T13:47:26 IST" skipped="0">
  <testcase classname="TestCase.TC003_Test" name="testCase" time="2.723"/>
  <system-out/>
  <testcase classname="TestCase.TC003_Test" name="testCase" time="1.060"/>
  <system-out/>
  <testcase classname="TestCase.TC003_Test" name="testCase1" time="3.578"/>
  <system-out/>
</testsuite> <!-- TestCase.TC003_Test -->
