<?xml version="1.0" encoding="UTF-8"?>
<!-- Generated by org.testng.reporters.JUnitReportReporter -->
<testsuite hostname="suriya" failures="0" tests="1" name="fuctionalTesting.TC001_Test" time="2.405" errors="0" timestamp="2024-01-14T11:55:47 IST" skipped="0">
  <testcase classname="fuctionalTesting.TC001_Test" name="testCase" time="2.405"/>
  <system-out>
    <![CDATA[TestCase Executed]]>
  </system-out>
</testsuite> <!-- fuctionalTesting.TC001_Test -->
